<?xml version="1.0" encoding="UTF-8"?>
<testsuite name="ballboy.model.entities.utilities.AxisAlignedBoundingBoxImplTest" tests="1" skipped="0" failures="0" errors="0" timestamp="2022-02-23T08:34:53" hostname="Linhs-MacBook-Pro-5.local" time="0.078">
  <properties/>
  <testcase name="Test()" classname="ballboy.model.entities.utilities.AxisAlignedBoundingBoxImplTest" time="0.078"/>
  <system-out><![CDATA[]]></system-out>
  <system-err><![CDATA[]]></system-err>
</testsuite>
