<?xml version="1.0" encoding="UTF-8"?>
<testsuite name="ballboy.model.entities.utilities.Vector2DTest" tests="1" skipped="0" failures="0" errors="0" timestamp="2022-02-23T08:34:53" hostname="Linhs-MacBook-Pro-5.local" time="0.0">
  <properties/>
  <testcase name="test1()" classname="ballboy.model.entities.utilities.Vector2DTest" time="0.0"/>
  <system-out><![CDATA[]]></system-out>
  <system-err><![CDATA[]]></system-err>
</testsuite>
